Drill report for stm32.kicad_pcb
Created on 2025-02-01T08:29:43+0200

Copper Layer Stackup:
    =============================================================
    L1 :  F.Cu                      front
    L2 :  B.Cu                      back


Drill file 'stm32.drl' contains
    plated through holes:
    =============================================================
    T1  0.250mm  0.0098"  (4 holes)
    T2  0.300mm  0.0118"  (79 holes)
    T3  0.500mm  0.0197"  (1 hole)
    T4  0.500mm  0.0197"  (2 holes)  (with 2 slots)
    T5  1.000mm  0.0394"  (44 holes)

    Total plated holes count 130


Not plated through holes are merged with plated holes
    unplated through holes:
    =============================================================
    T6  0.900mm  0.0354"  (2 holes)

    Total unplated holes count 2
